<?xml version="1.0" encoding="UTF-8"?>
<!-- Generated by org.testng.reporters.JUnitXMLReporter -->
<testsuite hostname="HYD-BHAKUM-MOB" ignored="0" name="Default test" tests="5" failures="0" timestamp="15 Jul 2018 13:26:47 GMT" time="42.206" errors="0">
  <testcase name="testEmailAndMobileValidation" time="10.485" classname="com.deltax.testcases.RegistrationFormTest"/>
  <testcase name="testMandatoryFields" time="9.319" classname="com.deltax.testcases.RegistrationFormTest"/>
  <testcase name="testNameValidationAtleastTwo" time="2.757" classname="com.deltax.testcases.RegistrationFormTest"/>
  <testcase name="testNegativeScenarios" time="4.557" classname="com.deltax.testcases.RegistrationFormTest"/>
  <testcase name="testPositiveScenarios" time="9.74" classname="com.deltax.testcases.RegistrationFormTest"/>
</testsuite> <!-- Default test -->
