<?xml version="1.0" encoding="UTF-8"?>
<!-- Generated by org.testng.reporters.JUnitXMLReporter -->
<testsuite hostname="HYD-BHAKUM-MOB" ignored="0" name="RegressionForm" tests="5" failures="0" timestamp="15 Jul 2018 13:32:25 GMT" time="35.306" errors="0">
  <testcase name="testEmailAndMobileValidation" time="8.97" classname="com.deltax.testcases.RegistrationFormTest"/>
  <testcase name="testMandatoryFields" time="5.737" classname="com.deltax.testcases.RegistrationFormTest"/>
  <testcase name="testNameValidationAtleastTwo" time="3.256" classname="com.deltax.testcases.RegistrationFormTest"/>
  <testcase name="testNegativeScenarios" time="4.752" classname="com.deltax.testcases.RegistrationFormTest"/>
  <testcase name="testPositiveScenarios" time="8.034" classname="com.deltax.testcases.RegistrationFormTest"/>
</testsuite> <!-- RegressionForm -->
